09:26:00.852 INFO  manager.ApplicationManager - All tests runs i Chrome Browser
09:26:02.239 INFO  manager.ApplicationManager - The link-->https://telranedu.web.app/home
09:26:02.269 INFO  manager.TestNGListener - Start tests on date -->Fri Dec 05 09:26:02 IST 2025========
09:26:02.317 INFO  tests.TestBase - Name of method --->loginWrongEmail
09:26:07.384 INFO  manager.TestNGListener - Start test -->loginWrongEmail========
09:26:07.385 INFO  tests.TestBase - Test data ---> email: 'margogmail.com' & password: 'Mmar123456$'
09:26:07.387 INFO  manager.WDListener - Before find elementBy.cssSelector: a[href='/login']
09:26:07.427 INFO  manager.WDListener - After find elementBy.cssSelector: a[href='/login']
09:26:07.441 INFO  manager.WDListener - Location of elementa
09:26:07.468 INFO  manager.WDListener - Before click element --->atext = LOGIN
09:26:07.556 INFO  manager.WDListener - After click element-->a
09:26:07.556 INFO  manager.HelperBase - open form by click on button with locator By.cssSelector("a[href='/login']") 
09:26:07.557 INFO  manager.WDListener - Before find elementBy.name: email
09:26:07.587 INFO  manager.WDListener - After find elementBy.name: email
09:26:07.595 INFO  manager.WDListener - Location of elementinput
09:26:07.609 INFO  manager.WDListener - Before click element --->inputtext = 
09:26:07.669 INFO  manager.WDListener - After click element-->input
09:26:07.715 INFO  manager.WDListener - SendKeys-->input
09:26:07.757 INFO  manager.WDListener - SendKeys-->input
09:26:07.785 INFO  manager.WDListener - SendKeys-->input
09:26:07.823 INFO  manager.HelperBase - type in input with locator By.name("email")
09:26:07.823 INFO  manager.WDListener - Before find elementBy.xpath: //input[@placeholder='Password']
09:26:07.847 INFO  manager.WDListener - After find elementBy.xpath: //input[@placeholder='Password']
09:26:07.855 INFO  manager.WDListener - Location of elementinput
09:26:07.868 INFO  manager.WDListener - Before click element --->inputtext = 
09:26:07.915 INFO  manager.WDListener - After click element-->input
09:26:07.948 INFO  manager.WDListener - SendKeys-->input
09:26:07.983 INFO  manager.WDListener - SendKeys-->input
09:26:08.014 INFO  manager.WDListener - SendKeys-->input
09:26:08.048 INFO  manager.HelperBase - type in input with locator By.xpath("//input[@placeholder='Password']") 
09:26:08.049 INFO  manager.WDListener - Before find elementBy.xpath: //button[text()='Login']
09:26:08.072 INFO  manager.WDListener - After find elementBy.xpath: //button[text()='Login']
09:26:08.081 INFO  manager.WDListener - Location of elementbutton
09:26:08.102 INFO  manager.WDListener - Before click element --->buttontext = Login
09:26:08.182 INFO  manager.WDListener - Huston, we have a problem!
09:26:08.182 INFO  manager.WDListener - **********************
09:26:08.182 INFO  manager.WDListener - Object target --->org.openqa.selenium.remote.RemoteWebDriver$RemoteTargetLocator@753aca85
09:26:08.183 INFO  manager.WDListener - **********************
09:26:08.183 INFO  manager.WDListener - Method name--->alert
09:26:08.183 INFO  manager.WDListener - **********************
09:26:08.183 INFO  manager.WDListener - InvocationTargetException-->org.openqa.selenium.NoAlertPresentException: no such alert
  (Session info: chrome=142.0.7444.176)
Build info: version: '4.26.0', revision: '8ccf0219d7'
System info: os.name: 'Windows 11', os.arch: 'amd64', os.version: '10.0', java.version: '17.0.12'
Driver info: org.openqa.selenium.chrome.ChromeDriver
Command: [8fdc306bf8f388334969d1651c4ad1d9, getAlertText {}]
Capabilities {acceptInsecureCerts: false, browserName: chrome, browserVersion: 142.0.7444.176, chrome: {chromedriverVersion: 141.0.7390.65 (b2ec783d2b51..., userDataDir: C:\Users\marii\AppData\Loca...}, fedcm:accounts: true, goog:chromeOptions: {debuggerAddress: localhost:57440}, networkConnectionEnabled: false, pageLoadStrategy: normal, platformName: windows, proxy: Proxy(), se:cdp: ws://localhost:57440/devtoo..., se:cdpVersion: 142.0.7444.176, setWindowRect: true, strictFileInteractability: false, timeouts: {implicit: 0, pageLoad: 300000, script: 30000}, unhandledPromptBehavior: dismiss and notify, webauthn:extension:credBlob: true, webauthn:extension:largeBlob: true, webauthn:extension:minPinLength: true, webauthn:extension:prf: true, webauthn:virtualAuthenticators: true}
Session ID: 8fdc306bf8f388334969d1651c4ad1d9
09:26:08.184 INFO  manager.WDListener - Screen with error is--->src/test/screenshots/screen_1333.png
09:26:08.709 INFO  manager.WDListener - Huston, we have a problem!
09:26:08.709 INFO  manager.WDListener - **********************
09:26:08.709 INFO  manager.WDListener - Object target --->org.openqa.selenium.remote.RemoteWebDriver$RemoteTargetLocator@4adc663e
09:26:08.709 INFO  manager.WDListener - **********************
09:26:08.709 INFO  manager.WDListener - Method name--->alert
09:26:08.709 INFO  manager.WDListener - **********************
09:26:08.709 INFO  manager.WDListener - InvocationTargetException-->org.openqa.selenium.NoAlertPresentException: no such alert
  (Session info: chrome=142.0.7444.176)
Build info: version: '4.26.0', revision: '8ccf0219d7'
System info: os.name: 'Windows 11', os.arch: 'amd64', os.version: '10.0', java.version: '17.0.12'
Driver info: org.openqa.selenium.chrome.ChromeDriver
Command: [8fdc306bf8f388334969d1651c4ad1d9, getAlertText {}]
Capabilities {acceptInsecureCerts: false, browserName: chrome, browserVersion: 142.0.7444.176, chrome: {chromedriverVersion: 141.0.7390.65 (b2ec783d2b51..., userDataDir: C:\Users\marii\AppData\Loca...}, fedcm:accounts: true, goog:chromeOptions: {debuggerAddress: localhost:57440}, networkConnectionEnabled: false, pageLoadStrategy: normal, platformName: windows, proxy: Proxy(), se:cdp: ws://localhost:57440/devtoo..., se:cdpVersion: 142.0.7444.176, setWindowRect: true, strictFileInteractability: false, timeouts: {implicit: 0, pageLoad: 300000, script: 30000}, unhandledPromptBehavior: dismiss and notify, webauthn:extension:credBlob: true, webauthn:extension:largeBlob: true, webauthn:extension:minPinLength: true, webauthn:extension:prf: true, webauthn:virtualAuthenticators: true}
Session ID: 8fdc306bf8f388334969d1651c4ad1d9
09:26:08.709 INFO  manager.WDListener - Screen with error is--->src/test/screenshots/screen_1569.png
09:26:09.239 INFO  manager.WDListener - Huston, we have a problem!
09:26:09.239 INFO  manager.WDListener - **********************
09:26:09.239 INFO  manager.WDListener - Object target --->org.openqa.selenium.remote.RemoteWebDriver$RemoteTargetLocator@64db4967
09:26:09.239 INFO  manager.WDListener - **********************
09:26:09.239 INFO  manager.WDListener - Method name--->alert
09:26:09.239 INFO  manager.WDListener - **********************
09:26:09.240 INFO  manager.WDListener - InvocationTargetException-->org.openqa.selenium.NoAlertPresentException: no such alert
  (Session info: chrome=142.0.7444.176)
Build info: version: '4.26.0', revision: '8ccf0219d7'
System info: os.name: 'Windows 11', os.arch: 'amd64', os.version: '10.0', java.version: '17.0.12'
Driver info: org.openqa.selenium.chrome.ChromeDriver
Command: [8fdc306bf8f388334969d1651c4ad1d9, getAlertText {}]
Capabilities {acceptInsecureCerts: false, browserName: chrome, browserVersion: 142.0.7444.176, chrome: {chromedriverVersion: 141.0.7390.65 (b2ec783d2b51..., userDataDir: C:\Users\marii\AppData\Loca...}, fedcm:accounts: true, goog:chromeOptions: {debuggerAddress: localhost:57440}, networkConnectionEnabled: false, pageLoadStrategy: normal, platformName: windows, proxy: Proxy(), se:cdp: ws://localhost:57440/devtoo..., se:cdpVersion: 142.0.7444.176, setWindowRect: true, strictFileInteractability: false, timeouts: {implicit: 0, pageLoad: 300000, script: 30000}, unhandledPromptBehavior: dismiss and notify, webauthn:extension:credBlob: true, webauthn:extension:largeBlob: true, webauthn:extension:minPinLength: true, webauthn:extension:prf: true, webauthn:virtualAuthenticators: true}
Session ID: 8fdc306bf8f388334969d1651c4ad1d9
09:26:09.240 INFO  manager.WDListener - Screen with error is--->src/test/screenshots/screen_1140.png
09:26:09.777 INFO  tests.TestBase - Assert check is alert present with error text 'Wrong email or password'
09:26:09.780 INFO  manager.TestNGListener - Success test -->loginWrongEmail========
09:26:09.780 INFO  tests.TestBase - ================================================
09:26:09.785 INFO  manager.TestNGListener - Stop testsing on date -->Fri Dec 05 09:26:02 IST 2025========
